<?xml version="1.0" encoding="UTF-8"?>
<!-- Generated by org.testng.reporters.JUnitReportReporter -->
<testsuite hostname="LAPTOP-QJPOCRT2" failures="0" tests="9" name="sales.qa.testcases.ManufacturingTest" time="110.572" errors="0" timestamp="2024-07-17T17:08:12 AEST" skipped="0">
  <testcase classname="sales.qa.testcases.ManufacturingTest" name="ValidateTitle" time="9.470"/>
  <testcase classname="sales.qa.testcases.ManufacturingTest" name="ValidateTransactionTitle" time="13.364"/>
  <testcase classname="sales.qa.testcases.ManufacturingTest" name="ValidateTransacList" time="11.247"/>
  <testcase classname="sales.qa.testcases.ManufacturingTest" name="ValidateInquiriesTitle" time="10.434"/>
  <testcase classname="sales.qa.testcases.ManufacturingTest" name="ValidateInquiriesList" time="19.814"/>
  <testcase classname="sales.qa.testcases.ManufacturingTest" name="ValidateCustomRptstitle" time="10.284"/>
  <testcase classname="sales.qa.testcases.ManufacturingTest" name="ValidateStdRptsTitle" time="10.611"/>
  <testcase classname="sales.qa.testcases.ManufacturingTest" name="ValidateMaintenceTitle" time="12.628"/>
  <testcase classname="sales.qa.testcases.ManufacturingTest" name="ValidateMaintenanceList" time="12.720"/>
</testsuite> <!-- sales.qa.testcases.ManufacturingTest -->
