<?xml version="1.0" encoding="UTF-8"?>
<!-- Generated by org.testng.reporters.JUnitReportReporter -->
<testsuite hostname="LAPTOP-QJPOCRT2" failures="0" tests="9" name="sales.qa.testcases.PurchasesTest" time="107.859" errors="0" timestamp="2024-07-17T17:08:12 AEST" skipped="0">
  <testcase classname="sales.qa.testcases.PurchasesTest" name="ValidateTitle" time="11.634"/>
  <testcase classname="sales.qa.testcases.PurchasesTest" name="ValidateTransactionTitle" time="10.908"/>
  <testcase classname="sales.qa.testcases.PurchasesTest" name="ValidateTransacList" time="14.947"/>
  <testcase classname="sales.qa.testcases.PurchasesTest" name="ValidateInquiriesTitle" time="12.779"/>
  <testcase classname="sales.qa.testcases.PurchasesTest" name="ValidateInquiriesList" time="12.502"/>
  <testcase classname="sales.qa.testcases.PurchasesTest" name="ValidateCustomRptstitle" time="11.173"/>
  <testcase classname="sales.qa.testcases.PurchasesTest" name="ValidateStdRptsTitle" time="9.770"/>
  <testcase classname="sales.qa.testcases.PurchasesTest" name="ValidateMaintenceTitle" time="9.129"/>
  <testcase classname="sales.qa.testcases.PurchasesTest" name="ValidateMaintenanceList" time="15.017"/>
</testsuite> <!-- sales.qa.testcases.PurchasesTest -->
