<?xml version="1.0" encoding="UTF-8"?>
<!-- Generated by org.testng.reporters.JUnitReportReporter -->
<testsuite hostname="LAPTOP-QJPOCRT2" failures="0" tests="1" name="sales.qa.testcases.SalesTest" time="133.986" errors="0" timestamp="2024-07-16T16:12:06 AEST" skipped="0">
  <testcase classname="sales.qa.testcases.SalesTest" name="ValidateTransactionTitle" time="133.986"/>
</testsuite> <!-- sales.qa.testcases.SalesTest -->
