<?xml version="1.0" encoding="UTF-8"?>
<!-- Generated by org.testng.reporters.JUnitReportReporter -->
<testsuite hostname="LAPTOP-QJPOCRT2" failures="0" tests="1" name="sales.qa.testcases.ReceivablesTest" time="194.916" errors="0" timestamp="2024-07-16T16:31:26 AEST" skipped="0">
  <testcase classname="sales.qa.testcases.ReceivablesTest" name="ValidateTransactionTitle" time="194.916"/>
</testsuite> <!-- sales.qa.testcases.ReceivablesTest -->
