<?xml version="1.0" encoding="UTF-8"?>
<!-- Generated by org.testng.reporters.JUnitReportReporter -->
<testsuite hostname="LAPTOP-QJPOCRT2" failures="0" tests="9" name="sales.qa.testcases.GeneralLedgerTest" time="107.614" errors="0" timestamp="2024-07-17T17:08:12 AEST" skipped="0">
  <testcase classname="sales.qa.testcases.GeneralLedgerTest" name="ValidateTitle" time="12.184"/>
  <testcase classname="sales.qa.testcases.GeneralLedgerTest" name="ValidateTransactionTitle" time="10.702"/>
  <testcase classname="sales.qa.testcases.GeneralLedgerTest" name="ValidateTransacList" time="10.998"/>
  <testcase classname="sales.qa.testcases.GeneralLedgerTest" name="ValidateInquiriesTitle" time="11.391"/>
  <testcase classname="sales.qa.testcases.GeneralLedgerTest" name="ValidateInquiriesList" time="19.244"/>
  <testcase classname="sales.qa.testcases.GeneralLedgerTest" name="ValidateCustomRptstitle" time="10.078"/>
  <testcase classname="sales.qa.testcases.GeneralLedgerTest" name="ValidateStdRptsTitle" time="10.957"/>
  <testcase classname="sales.qa.testcases.GeneralLedgerTest" name="ValidateMaintenceTitle" time="9.386"/>
  <testcase classname="sales.qa.testcases.GeneralLedgerTest" name="ValidateMaintenanceList" time="12.674"/>
</testsuite> <!-- sales.qa.testcases.GeneralLedgerTest -->
