<?xml version="1.0" encoding="UTF-8"?>
<!-- Generated by org.testng.reporters.JUnitReportReporter -->
<testsuite hostname="LAPTOP-QJPOCRT2" failures="0" tests="9" name="sales.qa.testcases.AssetManagerTest" time="109.154" errors="0" timestamp="2024-07-17T17:08:12 AEST" skipped="0">
  <testcase classname="sales.qa.testcases.AssetManagerTest" name="ValidateTitle" time="9.502"/>
  <testcase classname="sales.qa.testcases.AssetManagerTest" name="ValidateTransactionTitle" time="14.543"/>
  <testcase classname="sales.qa.testcases.AssetManagerTest" name="ValidateTransacList" time="15.074"/>
  <testcase classname="sales.qa.testcases.AssetManagerTest" name="ValidateInquiriesTitle" time="12.409"/>
  <testcase classname="sales.qa.testcases.AssetManagerTest" name="ValidateInquiriesList" time="11.961"/>
  <testcase classname="sales.qa.testcases.AssetManagerTest" name="ValidateCustomRptstitle" time="10.090"/>
  <testcase classname="sales.qa.testcases.AssetManagerTest" name="ValidateStdRptsTitle" time="13.499"/>
  <testcase classname="sales.qa.testcases.AssetManagerTest" name="ValidateMaintenceTitle" time="10.033"/>
  <testcase classname="sales.qa.testcases.AssetManagerTest" name="ValidateMaintenanceList" time="12.043"/>
</testsuite> <!-- sales.qa.testcases.AssetManagerTest -->
