<?xml version="1.0" encoding="UTF-8"?>
<!-- Generated by org.testng.reporters.JUnitReportReporter -->
<testsuite hostname="LAPTOP-QJPOCRT2" failures="0" tests="3" name="sales.qa.testcases.LoginTest" time="25.570" errors="0" timestamp="2024-07-16T20:56:35 AEST" skipped="0">
  <testcase classname="sales.qa.testcases.LoginTest" name="LoginPageTitleTest" time="6.499"/>
  <testcase classname="sales.qa.testcases.LoginTest" name="LogoTest" time="8.177"/>
  <testcase classname="sales.qa.testcases.LoginTest" name="Login" time="10.894"/>
</testsuite> <!-- sales.qa.testcases.LoginTest -->
