<?xml version="1.0" encoding="UTF-8"?>
<!-- Generated by org.testng.reporters.JUnitReportReporter -->
<testsuite hostname="LAPTOP-QJPOCRT2" failures="0" tests="9" name="sales.qa.testcases.SalesTest" time="108.799" errors="0" timestamp="2024-07-17T17:08:12 AEST" skipped="0">
  <testcase classname="sales.qa.testcases.SalesTest" name="ValidateTitle" time="10.135"/>
  <testcase classname="sales.qa.testcases.SalesTest" name="ValidateTransactionTitle" time="9.905"/>
  <testcase classname="sales.qa.testcases.SalesTest" name="ValidateTransacList" time="13.980"/>
  <testcase classname="sales.qa.testcases.SalesTest" name="ValidateInquiriesTitle" time="10.766"/>
  <testcase classname="sales.qa.testcases.SalesTest" name="ValidateInquiriesList" time="22.667"/>
  <testcase classname="sales.qa.testcases.SalesTest" name="ValidateCustomRptstitle" time="9.201"/>
  <testcase classname="sales.qa.testcases.SalesTest" name="ValidateStdRptsTitle" time="10.952"/>
  <testcase classname="sales.qa.testcases.SalesTest" name="ValidateMaintenceTitle" time="10.287"/>
  <testcase classname="sales.qa.testcases.SalesTest" name="ValidateMaintenanceList" time="10.906"/>
</testsuite> <!-- sales.qa.testcases.SalesTest -->
