<?xml version="1.0" encoding="UTF-8"?>
<!-- Generated by org.testng.reporters.JUnitReportReporter -->
<testsuite hostname="LAPTOP-QJPOCRT2" failures="0" tests="9" name="sales.qa.testcases.SetupTest" time="108.258" errors="0" timestamp="2024-07-17T17:08:12 AEST" skipped="0">
  <testcase classname="sales.qa.testcases.SetupTest" name="ValidateTitle" time="10.695"/>
  <testcase classname="sales.qa.testcases.SetupTest" name="ValidateGeneralSetupOptionsTitile" time="10.935"/>
  <testcase classname="sales.qa.testcases.SetupTest" name="ValidateGeneralSetupList" time="13.634"/>
  <testcase classname="sales.qa.testcases.SetupTest" name="ValidateReceivablesorPayablesTitle" time="10.301"/>
  <testcase classname="sales.qa.testcases.SetupTest" name="ValidateReceivablesorPayablesList" time="18.471"/>
  <testcase classname="sales.qa.testcases.SetupTest" name="ValidateCustomRptstitle" time="10.440"/>
  <testcase classname="sales.qa.testcases.SetupTest" name="ValidateStdRptsTitle" time="11.590"/>
  <testcase classname="sales.qa.testcases.SetupTest" name="ValidateInventorySetupTitle" time="9.182"/>
  <testcase classname="sales.qa.testcases.SetupTest" name="ValidateInventorySetupList" time="13.010"/>
</testsuite> <!-- sales.qa.testcases.SetupTest -->
