<?xml version="1.0" encoding="UTF-8"?>
<!-- Generated by org.testng.reporters.JUnitReportReporter -->
<testsuite hostname="LAPTOP-QJPOCRT2" failures="0" tests="9" name="sales.qa.testcases.PayablesTest" time="102.847" errors="0" timestamp="2024-07-17T17:08:12 AEST" skipped="0">
  <testcase classname="sales.qa.testcases.PayablesTest" name="ValidateTitle" time="10.273"/>
  <testcase classname="sales.qa.testcases.PayablesTest" name="ValidateTransactionTitle" time="12.384"/>
  <testcase classname="sales.qa.testcases.PayablesTest" name="ValidateTransacList" time="11.793"/>
  <testcase classname="sales.qa.testcases.PayablesTest" name="ValidateInquiriesTitle" time="10.543"/>
  <testcase classname="sales.qa.testcases.PayablesTest" name="ValidateInquiriesList" time="13.603"/>
  <testcase classname="sales.qa.testcases.PayablesTest" name="ValidateCustomRptstitle" time="11.569"/>
  <testcase classname="sales.qa.testcases.PayablesTest" name="ValidateStdRptsTitle" time="10.276"/>
  <testcase classname="sales.qa.testcases.PayablesTest" name="ValidateMaintenceTitle" time="9.633"/>
  <testcase classname="sales.qa.testcases.PayablesTest" name="ValidateMaintenanceList" time="12.773"/>
</testsuite> <!-- sales.qa.testcases.PayablesTest -->
