<?xml version="1.0" encoding="UTF-8"?>
<!-- Generated by org.testng.reporters.JUnitReportReporter -->
<testsuite hostname="LAPTOP-QJPOCRT2" failures="0" tests="3" name="sales.qa.testcases.LoginTest" time="28.019" errors="0" timestamp="2024-07-17T17:08:12 AEST" skipped="0">
  <testcase classname="sales.qa.testcases.LoginTest" name="LoginPageTitleTest" time="9.445"/>
  <testcase classname="sales.qa.testcases.LoginTest" name="LogoTest" time="8.204"/>
  <testcase classname="sales.qa.testcases.LoginTest" name="Login" time="10.370"/>
</testsuite> <!-- sales.qa.testcases.LoginTest -->
