<?xml version="1.0" encoding="UTF-8"?>
<!-- Generated by org.testng.reporters.JUnitReportReporter -->
<testsuite hostname="LAPTOP-QJPOCRT2" failures="0" tests="9" name="sales.qa.testcases.ReceivablesTest" time="102.218" errors="0" timestamp="2024-07-17T17:08:12 AEST" skipped="0">
  <testcase classname="sales.qa.testcases.ReceivablesTest" name="ValidateTitle" time="11.935"/>
  <testcase classname="sales.qa.testcases.ReceivablesTest" name="ValidateTransactionTitle" time="13.465"/>
  <testcase classname="sales.qa.testcases.ReceivablesTest" name="ValidateTransacList" time="12.314"/>
  <testcase classname="sales.qa.testcases.ReceivablesTest" name="ValidateInquiriesTitle" time="10.792"/>
  <testcase classname="sales.qa.testcases.ReceivablesTest" name="ValidateInquiriesList" time="13.337"/>
  <testcase classname="sales.qa.testcases.ReceivablesTest" name="ValidateCustomRptstitle" time="10.166"/>
  <testcase classname="sales.qa.testcases.ReceivablesTest" name="ValidateStdRptsTitle" time="9.426"/>
  <testcase classname="sales.qa.testcases.ReceivablesTest" name="ValidateMaintenceTitle" time="10.627"/>
  <testcase classname="sales.qa.testcases.ReceivablesTest" name="ValidateMaintenanceList" time="10.156"/>
</testsuite> <!-- sales.qa.testcases.ReceivablesTest -->
