<?xml version="1.0" encoding="UTF-8"?>
<!-- Generated by org.testng.reporters.JUnitReportReporter -->
<testsuite hostname="LAPTOP-QJPOCRT2" failures="0" tests="9" name="sales.qa.testcases.UtilitiesTest" time="107.951" errors="0" timestamp="2024-07-17T17:08:12 AEST" skipped="0">
  <testcase classname="sales.qa.testcases.UtilitiesTest" name="ValidateTitle" time="9.694"/>
  <testcase classname="sales.qa.testcases.UtilitiesTest" name="ValidateTransactionTitle" time="10.466"/>
  <testcase classname="sales.qa.testcases.UtilitiesTest" name="ValidateTransacList" time="14.138"/>
  <testcase classname="sales.qa.testcases.UtilitiesTest" name="ValidateInquiriesTitle" time="11.600"/>
  <testcase classname="sales.qa.testcases.UtilitiesTest" name="ValidateInquiriesList" time="14.276"/>
  <testcase classname="sales.qa.testcases.UtilitiesTest" name="ValidateCustomRptstitle" time="11.647"/>
  <testcase classname="sales.qa.testcases.UtilitiesTest" name="ValidateStdRptsTitle" time="11.816"/>
  <testcase classname="sales.qa.testcases.UtilitiesTest" name="ValidateMaintenceTitle" time="10.594"/>
  <testcase classname="sales.qa.testcases.UtilitiesTest" name="ValidateMaintenanceList" time="13.720"/>
</testsuite> <!-- sales.qa.testcases.UtilitiesTest -->
