<?xml version="1.0" encoding="UTF-8"?>
<!-- Generated by org.testng.reporters.JUnitReportReporter -->
<testsuite hostname="LAPTOP-QJPOCRT2" failures="0" tests="9" name="sales.qa.testcases.PettyCashTest" time="101.555" errors="0" timestamp="2024-07-17T17:08:12 AEST" skipped="0">
  <testcase classname="sales.qa.testcases.PettyCashTest" name="ValidateTitle" time="10.816"/>
  <testcase classname="sales.qa.testcases.PettyCashTest" name="ValidateTransactionTitle" time="10.131"/>
  <testcase classname="sales.qa.testcases.PettyCashTest" name="ValidateTransacList" time="10.920"/>
  <testcase classname="sales.qa.testcases.PettyCashTest" name="ValidateInquiriesTitle" time="9.901"/>
  <testcase classname="sales.qa.testcases.PettyCashTest" name="ValidateInquiriesList" time="13.399"/>
  <testcase classname="sales.qa.testcases.PettyCashTest" name="ValidateCustomRptstitle" time="11.529"/>
  <testcase classname="sales.qa.testcases.PettyCashTest" name="ValidateStdRptsTitle" time="12.440"/>
  <testcase classname="sales.qa.testcases.PettyCashTest" name="ValidateMaintenceTitle" time="10.898"/>
  <testcase classname="sales.qa.testcases.PettyCashTest" name="ValidateMaintenanceList" time="11.521"/>
</testsuite> <!-- sales.qa.testcases.PettyCashTest -->
