<?xml version="1.0" encoding="UTF-8"?>
<!-- Generated by org.testng.reporters.JUnitReportReporter -->
<testsuite hostname="LAPTOP-QJPOCRT2" failures="0" tests="1" name="sales.qa.testcases.InventoryTest" time="48.923" errors="0" timestamp="2024-07-17T17:11:00 AEST" skipped="0">
  <testcase classname="sales.qa.testcases.InventoryTest" name="ValidateInquiriesList" time="48.923"/>
</testsuite> <!-- sales.qa.testcases.InventoryTest -->
