<?xml version="1.0" encoding="UTF-8"?>
<!-- Generated by org.testng.reporters.JUnitReportReporter -->
<testsuite hostname="LAPTOP-QJPOCRT2" failures="0" tests="9" name="sales.qa.testcases.SalesTest" time="26.437" errors="0" timestamp="2024-07-12T19:03:15 AEST" skipped="0">
  <testcase classname="sales.qa.testcases.SalesTest" name="ValidateTitle" time="0.085"/>
  <testcase classname="sales.qa.testcases.SalesTest" name="ValidateTransactionTitle" time="0.099"/>
  <testcase classname="sales.qa.testcases.SalesTest" name="ValidateTransacList" time="8.813"/>
  <testcase classname="sales.qa.testcases.SalesTest" name="ValidateInquiriesTitle" time="0.058"/>
  <testcase classname="sales.qa.testcases.SalesTest" name="ValidateInquiriesList" time="16.463"/>
  <testcase classname="sales.qa.testcases.SalesTest" name="ValidateCustomRptstitle" time="0.070"/>
  <testcase classname="sales.qa.testcases.SalesTest" name="ValidateStdRptsTitle" time="0.077"/>
  <testcase classname="sales.qa.testcases.SalesTest" name="ValidateMaintenceTitle" time="0.136"/>
  <testcase classname="sales.qa.testcases.SalesTest" name="ValidateMaintenanceList" time="0.636"/>
</testsuite> <!-- sales.qa.testcases.SalesTest -->
