<?xml version="1.0" encoding="UTF-8"?>
<!-- Generated by org.testng.reporters.JUnitReportReporter -->
<testsuite hostname="LAPTOP-QJPOCRT2" failures="0" tests="3" name="sales.qa.testcases.LoginTest" time="16.852" errors="0" timestamp="2024-07-12T19:03:15 AEST" skipped="0">
  <testcase classname="sales.qa.testcases.LoginTest" name="LoginPageTitleTest" time="4.738"/>
  <testcase classname="sales.qa.testcases.LoginTest" name="LogoTest" time="5.788"/>
  <testcase classname="sales.qa.testcases.LoginTest" name="Login" time="6.326"/>
</testsuite> <!-- sales.qa.testcases.LoginTest -->
